[debug] [2023-02-21T10:26:06.714Z] ----------------------------------------------------------------------
[debug] [2023-02-21T10:26:06.715Z] Command:       C:\Program Files\nodejs\node.exe C:\Users\AMD\AppData\Roaming\npm\node_modules\firebase-tools\lib\bin\firebase.js login
[debug] [2023-02-21T10:26:06.716Z] CLI Version:   11.23.1
[debug] [2023-02-21T10:26:06.716Z] Platform:      win32
[debug] [2023-02-21T10:26:06.716Z] Node Version:  v18.14.0
[debug] [2023-02-21T10:26:06.718Z] Time:          Tue Feb 21 2023 15:56:06 GMT+0530 (India Standard Time)
[debug] [2023-02-21T10:26:06.718Z] ----------------------------------------------------------------------
[debug] 
[debug] [2023-02-21T10:26:06.722Z] >>> [apiv2][query] GET https://firebase-public.firebaseio.com/cli.json [none]
[info] i  Firebase optionally collects CLI and Emulator Suite usage and error reporting information to help improve our products. Data is collected in accordance with Google's privacy policy (https://policies.google.com/privacy) and is not used to identify you.
 
[debug] [2023-02-21T10:26:07.510Z] <<< [apiv2][status] GET https://firebase-public.firebaseio.com/cli.json 200
[debug] [2023-02-21T10:26:07.510Z] <<< [apiv2][body] GET https://firebase-public.firebaseio.com/cli.json {"cloudBuildErrorAfter":1594252800000,"cloudBuildWarnAfter":1590019200000,"defaultNode10After":1594252800000,"minVersion":"3.0.5","node8DeploysDisabledAfter":1613390400000,"node8RuntimeDisabledAfter":1615809600000,"node8WarnAfter":1600128000000}
[info] i  To change your data collection preference at any time, run `firebase logout` and log in again. 
[info] 
[info] Visit this URL on this device to log in:
[info] https://accounts.google.com/o/oauth2/auth?client_id=563584335869-fgrhgmd47bqnekij5i8b5pr03ho849e6.apps.googleusercontent.com&scope=email%20openid%20https%3A%2F%2Fwww.googleapis.com%2Fauth%2Fcloudplatformprojects.readonly%20https%3A%2F%2Fwww.googleapis.com%2Fauth%2Ffirebase%20https%3A%2F%2Fwww.googleapis.com%2Fauth%2Fcloud-platform&response_type=code&state=387208695&redirect_uri=http%3A%2F%2Flocalhost%3A9005
[info] 
[info] Waiting for authentication...
[debug] [2023-02-21T10:26:10.355Z] Error: spawn cmd ENOENT
    at ChildProcess._handle.onexit (node:internal/child_process:283:19)
    at onErrorNT (node:internal/child_process:476:16)
    at process.processTicksAndRejections (node:internal/process/task_queues:82:21)
[error] 
[error] Error: An unexpected error has occurred.
[debug] [2023-02-21T10:27:37.864Z] ----------------------------------------------------------------------
[debug] [2023-02-21T10:27:37.866Z] Command:       C:\Program Files\nodejs\node.exe C:\Users\AMD\AppData\Roaming\npm\node_modules\firebase-tools\lib\bin\firebase.js login --reauth
[debug] [2023-02-21T10:27:37.867Z] CLI Version:   11.23.1
[debug] [2023-02-21T10:27:37.867Z] Platform:      win32
[debug] [2023-02-21T10:27:37.867Z] Node Version:  v18.14.0
[debug] [2023-02-21T10:27:37.868Z] Time:          Tue Feb 21 2023 15:57:37 GMT+0530 (India Standard Time)
[debug] [2023-02-21T10:27:37.868Z] ----------------------------------------------------------------------
[debug] 
[info] 
[info] Visit this URL on this device to log in:
[info] https://accounts.google.com/o/oauth2/auth?client_id=563584335869-fgrhgmd47bqnekij5i8b5pr03ho849e6.apps.googleusercontent.com&scope=email%20openid%20https%3A%2F%2Fwww.googleapis.com%2Fauth%2Fcloudplatformprojects.readonly%20https%3A%2F%2Fwww.googleapis.com%2Fauth%2Ffirebase%20https%3A%2F%2Fwww.googleapis.com%2Fauth%2Fcloud-platform&response_type=code&state=724223948&redirect_uri=http%3A%2F%2Flocalhost%3A9005
[info] 
[info] Waiting for authentication...
[debug] [2023-02-21T10:27:37.893Z] Error: spawn cmd ENOENT
    at ChildProcess._handle.onexit (node:internal/child_process:283:19)
    at onErrorNT (node:internal/child_process:476:16)
    at process.processTicksAndRejections (node:internal/process/task_queues:82:21)
[error] 
[error] Error: An unexpected error has occurred.
